This is pdfTeX, Version 3.141592653-2.6-1.40.23 (TeX Live 2022/dev) (preloaded format=pdflatex 2021.8.23)  7 SEP 2021 15:28
entering extended mode
 restricted \write18 enabled.
 %&-line parsing enabled.
**FarlandCV.tex
(./FarlandCV.tex
LaTeX2e <2021-06-01> patch level 1
L3 programming layer <2021-07-12> (./resume.cls
Document Class: resume 2010/07/10 v0.9 Resume class
(/Users/jonfarland/Library/TinyTeX/texmf-dist/tex/latex/base/article.cls
Document Class: article 2021/02/12 v1.4n Standard LaTeX document class
(/Users/jonfarland/Library/TinyTeX/texmf-dist/tex/latex/base/size11.clo
File: size11.clo 2021/02/12 v1.4n Standard LaTeX file (size option)
)
\c@part=\count182
\c@section=\count183
\c@subsection=\count184
\c@subsubsection=\count185
\c@paragraph=\count186
\c@subparagraph=\count187
\c@figure=\count188
\c@table=\count189
\abovecaptionskip=\skip47
\belowcaptionskip=\skip48
\bibindent=\dimen138
)

! LaTeX Error: File `parskip.sty' not found.

Type X to quit or <RETURN> to proceed,
or enter new name. (Default extension: sty)

Enter file name: 
! Emergency stop.
<read *> 
         
l.26 \usepackage
                {array} % Required for boldface (\bf and \bfseries) tabular ...
*** (cannot \read from terminal in nonstop modes)

 
Here is how much of TeX's memory you used:
 234 strings out of 480502
 2878 string characters out of 5898668
 290339 words of memory out of 5000000
 18007 multiletter control sequences out of 15000+600000
 403730 words of font info for 28 fonts, out of 8000000 for 9000
 14 hyphenation exceptions out of 8191
 46i,0n,55p,127b,36s stack positions out of 5000i,500n,10000p,200000b,80000s
!  ==> Fatal error occurred, no output PDF file produced!
